<?xml version="1.0" encoding="UTF-8"?>
<testng-results ignored="0" total="3" passed="3" failed="0" skipped="0">
  <reporter-output>
  </reporter-output>
  <suite started-at="2024-10-27T10:56:58 IST" name="Suite" finished-at="2024-10-27T10:57:20 IST" duration-ms="22716">
    <groups>
    </groups>
    <test started-at="2024-10-27T10:56:58 IST" name="Test" finished-at="2024-10-27T10:57:20 IST" duration-ms="22716">
      <class name="com.dipali.org.myname.Amezon_Edge">
        <test-method signature="HomepageCheck()[pri:0, instance:com.dipali.org.myname.Amezon_Edge@272113c4]" started-at="2024-10-27T10:56:58 IST" name="HomepageCheck" finished-at="2024-10-27T10:57:13 IST" duration-ms="15374" status="PASS">
          <reporter-output>
          </reporter-output>
        </test-method> <!-- HomepageCheck -->
      </class> <!-- com.dipali.org.myname.Amezon_Edge -->
      <class name="com.dipali.org.myname.Amaezon_Chrome">
        <test-method signature="Homepagein()[pri:0, instance:com.dipali.org.myname.Amaezon_Chrome@26e356f0]" started-at="2024-10-27T10:56:58 IST" name="Homepagein" finished-at="2024-10-27T10:57:12 IST" duration-ms="14690" status="PASS">
          <reporter-output>
          </reporter-output>
        </test-method> <!-- Homepagein -->
      </class> <!-- com.dipali.org.myname.Amaezon_Chrome -->
      <class name="com.dipali.org.myname.Amezon_Firfox">
        <test-method signature="Homepagein()[pri:0, instance:com.dipali.org.myname.Amezon_Firfox@73e9cf30]" started-at="2024-10-27T10:56:58 IST" name="Homepagein" finished-at="2024-10-27T10:57:20 IST" duration-ms="22658" status="PASS">
          <reporter-output>
          </reporter-output>
        </test-method> <!-- Homepagein -->
      </class> <!-- com.dipali.org.myname.Amezon_Firfox -->
    </test> <!-- Test -->
  </suite> <!-- Suite -->
</testng-results>
