<?xml version="1.0" encoding="UTF-8"?>
<!-- Generated by org.testng.reporters.JUnitXMLReporter -->
<testsuite ignored="0" hostname="LAPTOP-E8JB5R18" failures="0" tests="3" name="Test" time="22.716" errors="0" timestamp="2024-10-27T10:57:20 IST">
  <testcase classname="com.dipali.org.myname.Amaezon_Chrome" name="Homepagein" time="14.69"/>
  <testcase classname="com.dipali.org.myname.Amezon_Edge" name="HomepageCheck" time="15.374"/>
  <testcase classname="com.dipali.org.myname.Amezon_Firfox" name="Homepagein" time="22.658"/>
</testsuite> <!-- Test -->
